<?xml version="1.0" encoding="UTF-8"?>
<!-- Generated by org.testng.reporters.JUnitReportReporter -->
<testsuite hostname="DESKTOP-T6DRP6P" failures="0" tests="1" name="Test.PracticePageLinkDemo" time="14.716" errors="0" timestamp="2025-08-08T13:25:48 IST" skipped="0">
  <testcase classname="Test.PracticePageLinkDemo" name="practicePage" time="14.716"/>
  <system-out/>
</testsuite> <!-- Test.PracticePageLinkDemo -->
